<?xml version="1.0" encoding="UTF-8"?>
<!-- Generated by org.testng.reporters.JUnitReportReporter -->
<testsuite skipped="0" hostname="DESKTOP-I5FDIJE" name="com.automation.testcases.LoginTestcrm" tests="2" failures="0" timestamp="10 Sep 2019 17:41:32 GMT" time="9.507" errors="0">
  <testcase name="loginApp" time="8.029" classname="com.automation.testcases.LoginTestcrm"/>
  <testcase name="loginApp1" time="1.478" classname="com.automation.testcases.LoginTestcrm"/>
</testsuite> <!-- com.automation.testcases.LoginTestcrm -->
